2022-11-16 14:02:54,355 - INFO - 

_____________________________new_log_____________________________
2022-11-16 14:03:04,487 - INFO - Thread-1 update link: https://thanhnien.vn/vo-van-kiet-nguoi-tien-phong-khai-sinh-nha-may-loc-dau-dung-quat-post1521080.html
2022-11-16 14:03:09,791 - INFO - ok: https://thanhnien.vn/api/comments/get/by-obj?object_type=20&object_id=1521080
2022-11-16 14:03:09,791 - INFO - Thread-1 finish update comment link: https://thanhnien.vn/vo-van-kiet-nguoi-tien-phong-khai-sinh-nha-may-loc-dau-dung-quat-post1521080.html
2022-11-16 14:03:19,804 - INFO - Thread-1 update link: https://thanhnien.vn/nguoi-iran-luu-vong-mac-ket-nhieu-nam-o-san-bay-phap-da-qua-doi-post1520907.html
2022-11-16 14:03:24,942 - INFO - 412, api: https://thanhnien.vn/api/comments/get/by-obj?object_type=20&object_id=1520907
2022-11-16 14:03:24,942 - INFO - Thread-1 finish update comment link: https://thanhnien.vn/nguoi-iran-luu-vong-mac-ket-nhieu-nam-o-san-bay-phap-da-qua-doi-post1520907.html
2022-11-16 14:03:34,947 - INFO - Thread-1 update link: https://thanhnien.vn/nut-ao-co-tu-bao-gio-post1520741.html
2022-11-16 14:03:40,071 - INFO - 412, api: https://thanhnien.vn/api/comments/get/by-obj?object_type=20&object_id=1520741
2022-11-16 14:03:40,071 - INFO - Thread-1 finish update comment link: https://thanhnien.vn/nut-ao-co-tu-bao-gio-post1520741.html
2022-11-16 14:03:50,072 - INFO - Thread-1 update link: https://thanhnien.vn/quyen-linh-ngoc-lan-thot-tim-truoc-man-bam-nut-cua-co-gai-tren-show-hen-ho-post1520824.html
2022-11-16 14:03:55,220 - INFO - ok: https://thanhnien.vn/api/comments/get/by-obj?object_type=20&object_id=1520824
2022-11-16 14:03:55,221 - INFO - Thread-1 finish update comment link: https://thanhnien.vn/quyen-linh-ngoc-lan-thot-tim-truoc-man-bam-nut-cua-co-gai-tren-show-hen-ho-post1520824.html
2022-11-16 14:04:05,231 - INFO - Thread-1 update link: https://thanhnien.vn/angela-phuong-trinh-mac-goi-cam-tai-xuat-showbiz-post1520955.html
2022-11-16 14:04:10,337 - INFO - ok: https://thanhnien.vn/api/comments/get/by-obj?object_type=20&object_id=1520955
2022-11-16 14:04:10,337 - INFO - Thread-1 finish update comment link: https://thanhnien.vn/angela-phuong-trinh-mac-goi-cam-tai-xuat-showbiz-post1520955.html
2022-11-16 14:07:20,344 - INFO - Thread-1 update link: https://thanhnien.vn/hien-ho-gay-chu-y-boi-dien-mao-khac-la-khi-di-su-kien-post1521430.html
2022-11-16 14:07:25,480 - INFO - 412, api: https://thanhnien.vn/api/comments/get/by-obj?object_type=20&object_id=1521430
2022-11-16 14:07:25,480 - INFO - Thread-1 finish update comment link: https://thanhnien.vn/hien-ho-gay-chu-y-boi-dien-mao-khac-la-khi-di-su-kien-post1521430.html
2022-11-16 14:07:35,486 - INFO - Thread-1 update link: https://thanhnien.vn/de-xuat-nhieu-giai-phap-de-giai-quyet-cac-van-de-cap-thiet-cua-dat-nuoc-post1520880.html
2022-11-16 14:07:40,652 - INFO - 412, api: https://thanhnien.vn/api/comments/get/by-obj?object_type=20&object_id=1520880
2022-11-16 14:07:40,652 - INFO - Thread-1 finish update comment link: https://thanhnien.vn/de-xuat-nhieu-giai-phap-de-giai-quyet-cac-van-de-cap-thiet-cua-dat-nuoc-post1520880.html
2022-11-16 14:07:50,664 - INFO - Thread-1 update link: https://thanhnien.vn/tu-doan-trao-giai-thuong-nha-giao-tre-tieu-bieu-post1520815.html
2022-11-16 14:07:55,868 - INFO - 412, api: https://thanhnien.vn/api/comments/get/by-obj?object_type=20&object_id=1520815
2022-11-16 14:07:55,868 - INFO - Thread-1 finish update comment link: https://thanhnien.vn/tu-doan-trao-giai-thuong-nha-giao-tre-tieu-bieu-post1520815.html
2022-11-16 14:08:05,874 - INFO - Thread-1 update link: https://thanhnien.vn/ho-tro-kinh-phi-cho-sinh-vien-nguoi-dan-toc-thieu-so-post1515409.html
2022-11-16 14:08:11,029 - INFO - 412, api: https://thanhnien.vn/api/comments/get/by-obj?object_type=20&object_id=1515409
2022-11-16 14:08:11,029 - INFO - Thread-1 finish update comment link: https://thanhnien.vn/ho-tro-kinh-phi-cho-sinh-vien-nguoi-dan-toc-thieu-so-post1515409.html
2022-11-16 14:08:21,033 - INFO - Thread-1 update link: https://thanhnien.vn/dong-chu-dac-biet-tren-chai-nuoc-gio-hop-phu-huynh-post1520745.html
2022-11-16 14:08:26,153 - INFO - 412, api: https://thanhnien.vn/api/comments/get/by-obj?object_type=20&object_id=1520745
2022-11-16 14:08:26,153 - INFO - Thread-1 finish update comment link: https://thanhnien.vn/dong-chu-dac-biet-tren-chai-nuoc-gio-hop-phu-huynh-post1520745.html
